This file contains any messages produced by compilers while
running configure, to aid debugging if configure makes a mistake.

It was created by apertium-hbs_HR-hbs_SR configure 0.5.0, which was
generated by GNU Autoconf 2.69.  Invocation command line was

  $ ./configure --with-lang1=/home/gema/svn/languages/apertium-hbs

## --------- ##
## Platform. ##
## --------- ##

hostname = gema-ThinkPad-X1-Carbon-2nd
uname -m = x86_64
uname -r = 3.13.0-44-generic
uname -s = Linux
uname -v = #73-Ubuntu SMP Tue Dec 16 00:22:43 UTC 2014

/usr/bin/uname -p = unknown
/bin/uname -X     = unknown

/bin/arch              = unknown
/usr/bin/arch -k       = unknown
/usr/convex/getsysinfo = unknown
/usr/bin/hostinfo      = unknown
/bin/machine           = unknown
/usr/bin/oslevel       = unknown
/bin/universe          = unknown

PATH: /usr/local/sbin
PATH: /usr/local/bin
PATH: /usr/sbin
PATH: /usr/bin
PATH: /sbin
PATH: /bin
PATH: /usr/games
PATH: /usr/local/games
PATH: /usr/local/bin


## ----------- ##
## Core tests. ##
## ----------- ##

configure:1811: checking for a BSD-compatible install
configure:1879: result: /usr/bin/install -c
configure:1890: checking whether build environment is sane
configure:1945: result: yes
configure:2096: checking for a thread-safe mkdir -p
configure:2135: result: /bin/mkdir -p
configure:2142: checking for gawk
configure:2158: found /usr/bin/gawk
configure:2169: result: gawk
configure:2180: checking whether make sets $(MAKE)
configure:2202: result: yes
configure:2231: checking whether make supports nested variables
configure:2248: result: yes
configure:2365: checking whether ln -s works
configure:2369: result: yes
configure:2380: checking for gawk
configure:2407: result: gawk
configure:2474: checking for pkg-config
configure:2492: found /usr/bin/pkg-config
configure:2504: result: /usr/bin/pkg-config
configure:2529: checking pkg-config is at least version 0.9.0
configure:2532: result: yes
configure:2542: checking for APERTIUM
configure:2549: $PKG_CONFIG --exists --print-errors "apertium >= 3.3.0"
configure:2552: $? = 0
configure:2566: $PKG_CONFIG --exists --print-errors "apertium >= 3.3.0"
configure:2569: $? = 0
configure:2787: result: yes
configure:2794: checking for cg-comp
configure:2812: found /usr/bin/cg-comp
configure:2825: result: /usr/bin/cg-comp
configure:2844: checking for cg-proc
configure:2862: found /usr/bin/cg-proc
configure:2875: result: /usr/bin/cg-proc
configure:2894: checking for lrx-comp
configure:2912: found /usr/local/bin/lrx-comp
configure:2925: result: /usr/local/bin/lrx-comp
configure:2944: checking for lrx-proc
configure:2962: found /usr/local/bin/lrx-proc
configure:2975: result: /usr/local/bin/lrx-proc
configure:3299: checking that generated files are newer than configure
configure:3305: result: done
configure:3313: creating ./config.status

## ---------------------- ##
## Running config.status. ##
## ---------------------- ##

This file was extended by apertium-hbs_HR-hbs_SR config.status 0.5.0, which was
generated by GNU Autoconf 2.69.  Invocation command line was

  CONFIG_FILES    = 
  CONFIG_HEADERS  = 
  CONFIG_LINKS    = 
  CONFIG_COMMANDS = 
  $ ./config.status 

on gema-ThinkPad-X1-Carbon-2nd

config.status:784: creating Makefile

## ---------------- ##
## Cache variables. ##
## ---------------- ##

ac_cv_env_APERTIUM_CFLAGS_set=
ac_cv_env_APERTIUM_CFLAGS_value=
ac_cv_env_APERTIUM_HBS_CFLAGS_set=
ac_cv_env_APERTIUM_HBS_CFLAGS_value=
ac_cv_env_APERTIUM_HBS_LIBS_set=
ac_cv_env_APERTIUM_HBS_LIBS_value=
ac_cv_env_APERTIUM_LIBS_set=
ac_cv_env_APERTIUM_LIBS_value=
ac_cv_env_AP_LIB1_set=
ac_cv_env_AP_LIB1_value=
ac_cv_env_AP_SRC1_set=
ac_cv_env_AP_SRC1_value=
ac_cv_env_AP_SUBDIRS_set=
ac_cv_env_AP_SUBDIRS_value=
ac_cv_env_PKG_CONFIG_LIBDIR_set=
ac_cv_env_PKG_CONFIG_LIBDIR_value=
ac_cv_env_PKG_CONFIG_PATH_set=set
ac_cv_env_PKG_CONFIG_PATH_value=:/usr/local/share/pkgconfig:/usr/local/lib/pkgconfig
ac_cv_env_PKG_CONFIG_set=
ac_cv_env_PKG_CONFIG_value=
ac_cv_env_build_alias_set=
ac_cv_env_build_alias_value=
ac_cv_env_host_alias_set=
ac_cv_env_host_alias_value=
ac_cv_env_target_alias_set=
ac_cv_env_target_alias_value=
ac_cv_path_CGCOMP=/usr/bin/cg-comp
ac_cv_path_CGPROC=/usr/bin/cg-proc
ac_cv_path_LRXCOMP=/usr/local/bin/lrx-comp
ac_cv_path_LRXPROC=/usr/local/bin/lrx-proc
ac_cv_path_ac_pt_PKG_CONFIG=/usr/bin/pkg-config
ac_cv_path_install='/usr/bin/install -c'
ac_cv_path_mkdir=/bin/mkdir
ac_cv_prog_AWK=gawk
ac_cv_prog_make_make_set=yes
am_cv_make_support_nested_variables=yes
pkg_cv_APERTIUM_CFLAGS='-I/usr/local/include/apertium-3.3 -I/usr/local/lib/apertium-3.3/include -I/usr/local/include/lttoolbox-3.3 -I/usr/local/lib/lttoolbox-3.3/include -I/usr/include/libxml2  '
pkg_cv_APERTIUM_LIBS='-L/usr/local/lib -lapertium3 -llttoolbox3 -lxml2 -lpcre  '

## ----------------- ##
## Output variables. ##
## ----------------- ##

ACLOCAL='${SHELL} /home/gema/svn/staging/apertium-hbs_HR-hbs_SR/missing aclocal-1.14'
AMTAR='$${TAR-tar}'
AM_BACKSLASH='\'
AM_DEFAULT_V='$(AM_DEFAULT_VERBOSITY)'
AM_DEFAULT_VERBOSITY='1'
AM_V='$(V)'
APERTIUM_CFLAGS='-I/usr/local/include/apertium-3.3 -I/usr/local/lib/apertium-3.3/include -I/usr/local/include/lttoolbox-3.3 -I/usr/local/lib/lttoolbox-3.3/include -I/usr/include/libxml2  '
APERTIUM_HBS_CFLAGS=''
APERTIUM_HBS_LIBS=''
APERTIUM_LIBS='-L/usr/local/lib -lapertium3 -llttoolbox3 -lxml2 -lpcre  '
AP_LIB1='/home/gema/svn/languages/apertium-hbs'
AP_SRC1='/home/gema/svn/languages/apertium-hbs'
AP_SUBDIRS=' /home/gema/svn/languages/apertium-hbs'
AUTOCONF='${SHELL} /home/gema/svn/staging/apertium-hbs_HR-hbs_SR/missing autoconf'
AUTOHEADER='${SHELL} /home/gema/svn/staging/apertium-hbs_HR-hbs_SR/missing autoheader'
AUTOMAKE='${SHELL} /home/gema/svn/staging/apertium-hbs_HR-hbs_SR/missing automake-1.14'
AWK='gawk'
CGCOMP='/usr/bin/cg-comp'
CGPROC='/usr/bin/cg-proc'
CYGPATH_W='echo'
DEFS='-DPACKAGE_NAME=\"apertium-hbs_HR-hbs_SR\" -DPACKAGE_TARNAME=\"apertium-hbs_hr-hbs_sr\" -DPACKAGE_VERSION=\"0.5.0\" -DPACKAGE_STRING=\"apertium-hbs_HR-hbs_SR\ 0.5.0\" -DPACKAGE_BUGREPORT=\"unknown@users.sourceforge.net\" -DPACKAGE_URL=\"\"'
ECHO_C=''
ECHO_N='-n'
ECHO_T=''
INSTALL_DATA='${INSTALL} -m 644'
INSTALL_PROGRAM='${INSTALL}'
INSTALL_SCRIPT='${INSTALL}'
INSTALL_STRIP_PROGRAM='$(install_sh) -c -s'
LIBOBJS=''
LIBS=''
LN_S='ln -s'
LRXCOMP='/usr/local/bin/lrx-comp'
LRXPROC='/usr/local/bin/lrx-proc'
LTLIBOBJS=''
MAKEINFO='${SHELL} /home/gema/svn/staging/apertium-hbs_HR-hbs_SR/missing makeinfo'
MKDIR_P='/bin/mkdir -p'
PACKAGE='apertium-hbs_HR-hbs_SR'
PACKAGE_BUGREPORT='unknown@users.sourceforge.net'
PACKAGE_NAME='apertium-hbs_HR-hbs_SR'
PACKAGE_STRING='apertium-hbs_HR-hbs_SR 0.5.0'
PACKAGE_TARNAME='apertium-hbs_hr-hbs_sr'
PACKAGE_URL=''
PACKAGE_VERSION='0.5.0'
PATH_SEPARATOR=':'
PKG_CONFIG='/usr/bin/pkg-config'
PKG_CONFIG_LIBDIR=''
PKG_CONFIG_PATH=':/usr/local/share/pkgconfig:/usr/local/lib/pkgconfig'
SET_MAKE=''
SHELL='/bin/bash'
STRIP=''
VERSION='0.5.0'
am__isrc=''
am__leading_dot='.'
am__tar='$${TAR-tar} chof - "$$tardir"'
am__untar='$${TAR-tar} xf -'
bindir='${exec_prefix}/bin'
build_alias=''
datadir='${datarootdir}'
datarootdir='${prefix}/share'
docdir='${datarootdir}/doc/${PACKAGE_TARNAME}'
dvidir='${docdir}'
exec_prefix='${prefix}'
host_alias=''
htmldir='${docdir}'
includedir='${prefix}/include'
infodir='${datarootdir}/info'
install_sh='${SHELL} /home/gema/svn/staging/apertium-hbs_HR-hbs_SR/install-sh'
libdir='${exec_prefix}/lib'
libexecdir='${exec_prefix}/libexec'
localedir='${datarootdir}/locale'
localstatedir='${prefix}/var'
mandir='${datarootdir}/man'
mkdir_p='$(MKDIR_P)'
oldincludedir='/usr/include'
pdfdir='${docdir}'
prefix='/usr/local'
program_transform_name='s,x,x,'
psdir='${docdir}'
sbindir='${exec_prefix}/sbin'
sharedstatedir='${prefix}/com'
sysconfdir='${prefix}/etc'
target_alias=''

## ------------------- ##
## File substitutions. ##
## ------------------- ##

ap_include='./ap_include.am'

## ----------- ##
## confdefs.h. ##
## ----------- ##

/* confdefs.h */
#define PACKAGE_NAME "apertium-hbs_HR-hbs_SR"
#define PACKAGE_TARNAME "apertium-hbs_hr-hbs_sr"
#define PACKAGE_VERSION "0.5.0"
#define PACKAGE_STRING "apertium-hbs_HR-hbs_SR 0.5.0"
#define PACKAGE_BUGREPORT "unknown@users.sourceforge.net"
#define PACKAGE_URL ""

configure: exit 0

## ---------------------- ##
## Running config.status. ##
## ---------------------- ##

This file was extended by apertium-hbs_HR-hbs_SR config.status 0.5.0, which was
generated by GNU Autoconf 2.69.  Invocation command line was

  CONFIG_FILES    = 
  CONFIG_HEADERS  = 
  CONFIG_LINKS    = 
  CONFIG_COMMANDS = 
  $ ./config.status Makefile

on gema-ThinkPad-X1-Carbon-2nd

config.status:784: creating Makefile

## ---------------------- ##
## Running config.status. ##
## ---------------------- ##

This file was extended by apertium-hbs_HR-hbs_SR config.status 0.5.0, which was
generated by GNU Autoconf 2.69.  Invocation command line was

  CONFIG_FILES    = 
  CONFIG_HEADERS  = 
  CONFIG_LINKS    = 
  CONFIG_COMMANDS = 
  $ ./config.status Makefile

on gema-ThinkPad-X1-Carbon-2nd

config.status:784: creating Makefile
